<?xml version="1.0"?>
<!DOCTYPE coverage SYSTEM "http://cobertura.sourceforge.net/xml/coverage-04.dtd">

<coverage line-rate="0.5078740157480315" branch-rate="0.18333333333333332" lines-covered="129" lines-valid="254" branches-covered="11" branches-valid="60" complexity="1.8611111111111112" version="1.9.2" timestamp="1288778245916">
	<sources>
		<source>/home/juerg/workspaces/modules/docviewer/app</source>
		<source>/home/juerg/workspaces/ese2010-team4/qa/conf</source>
		<source>/home/juerg/workspaces/modules/testrunner/app</source>
		<source>/home/juerg/workspaces/modules/crud/app</source>
		<source>/home/juerg/workspaces/ese2010-team4/qa/app</source>
		<source>/home/juerg/workspaces/modules/cobertura-2.0/app</source>
		<source>/home/juerg/workspaces/ese2010-team4/qa/test</source>
	</sources>
	<packages>
		<package name="" line-rate="0.6666666666666666" branch-rate="0.25" complexity="2.5">
			<classes>
				<class name="DocViewerPlugin" filename="DocViewerPlugin.java" line-rate="0.6666666666666666" branch-rate="0.25" complexity="2.5">
					<methods>
						<method name="&lt;init&gt;" signature="()V" line-rate="1.0" branch-rate="1.0">
							<lines>
								<line number="8" hits="2" branch="false"/>
							</lines>
						</method>
						<method name="onRoutesLoaded" signature="()V" line-rate="1.0" branch-rate="1.0">
							<lines>
								<line number="25" hits="2" branch="false"/>
								<line number="26" hits="2" branch="false"/>
								<line number="27" hits="2" branch="false"/>
								<line number="28" hits="2" branch="false"/>
								<line number="29" hits="2" branch="false"/>
								<line number="30" hits="2" branch="false"/>
								<line number="31" hits="2" branch="false"/>
							</lines>
						</method>
						<method name="rawInvocation" signature="(Lplay/mvc/Http$Request;Lplay/mvc/Http$Response;)Z" line-rate="0.2857142857142857" branch-rate="0.25">
							<lines>
								<line number="12" hits="9" branch="true" condition-coverage="50 % (1/2)">
									<conditions>
										<condition number="0" type="jump" coverage="50 %"/>
									</conditions>
								</line>
								<line number="13" hits="0" branch="false"/>
								<line number="14" hits="0" branch="true" condition-coverage="0 % (0/2)">
									<conditions>
										<condition number="0" type="jump" coverage="0 %"/>
									</conditions>
								</line>
								<line number="15" hits="0" branch="false"/>
								<line number="16" hits="0" branch="false"/>
								<line number="18" hits="0" branch="false"/>
								<line number="20" hits="9" branch="false"/>
							</lines>
						</method>
					</methods>
					<lines>
						<line number="8" hits="2" branch="false"/>
						<line number="12" hits="9" branch="true" condition-coverage="50 % (1/2)">
							<conditions>
								<condition number="0" type="jump" coverage="50 %"/>
							</conditions>
						</line>
						<line number="13" hits="0" branch="false"/>
						<line number="14" hits="0" branch="true" condition-coverage="0 % (0/2)">
							<conditions>
								<condition number="0" type="jump" coverage="0 %"/>
							</conditions>
						</line>
						<line number="15" hits="0" branch="false"/>
						<line number="16" hits="0" branch="false"/>
						<line number="18" hits="0" branch="false"/>
						<line number="20" hits="9" branch="false"/>
						<line number="25" hits="2" branch="false"/>
						<line number="26" hits="2" branch="false"/>
						<line number="27" hits="2" branch="false"/>
						<line number="28" hits="2" branch="false"/>
						<line number="29" hits="2" branch="false"/>
						<line number="30" hits="2" branch="false"/>
						<line number="31" hits="2" branch="false"/>
					</lines>
				</class>
			</classes>
		</package>
		<package name="jobs" line-rate="1.0" branch-rate="1.0" complexity="2.0">
			<classes>
				<class name="jobs.Bootstrap" filename="jobs/Bootstrap.java" line-rate="1.0" branch-rate="0.5" complexity="2.0">
					<methods>
					</methods>
					<lines>
						<line number="9" hits="2" branch="false"/>
						<line number="14" hits="2" branch="true" condition-coverage="50 % (1/2)">
							<conditions>
								<condition number="0" type="jump" coverage="50 %"/>
							</conditions>
						</line>
						<line number="15" hits="2" branch="false"/>
						<line number="17" hits="2" branch="false"/>
					</lines>
				</class>
			</classes>
		</package>
		<package name="models" line-rate="0.48936170212765956" branch-rate="0.17857142857142858" complexity="1.8405797101449275">
			<classes>
				<class name="models.Answer" filename="models/Answer.java" line-rate="1.0" branch-rate="1.0" complexity="2.0">
					<methods>
					</methods>
					<lines>
						<line number="47" hits="10" branch="false"/>
						<line number="48" hits="10" branch="false"/>
						<line number="50" hits="10" branch="true" condition-coverage="100 % (2/2)">
							<conditions>
								<condition number="0" type="jump" coverage="100 %"/>
							</conditions>
						</line>
						<line number="51" hits="8" branch="false"/>
						<line number="52" hits="8" branch="false"/>
						<line number="53" hits="8" branch="false"/>
						<line number="58" hits="2" branch="false"/>
						<line number="59" hits="2" branch="false"/>
						<line number="60" hits="2" branch="false"/>
						<line number="61" hits="2" branch="false"/>
						<line number="62" hits="2" branch="false"/>
						<line number="63" hits="2" branch="false"/>
						<line number="66" hits="10" branch="false"/>
						<line number="67" hits="10" branch="false"/>
						<line number="68" hits="10" branch="false"/>
					</lines>
				</class>
				<class name="models.Post" filename="models/Post.java" line-rate="1.0" branch-rate="1.0" complexity="1.8181818181818181">
					<methods>
					</methods>
					<lines>
						<line number="80" hits="540" branch="false"/>
						<line number="132" hits="18" branch="false"/>
						<line number="134" hits="72" branch="true" condition-coverage="100 % (2/2)">
							<conditions>
								<condition number="0" type="jump" coverage="100 %"/>
							</conditions>
						</line>
						<line number="136" hits="36" branch="true" condition-coverage="100 % (2/2)">
							<conditions>
								<condition number="0" type="jump" coverage="100 %"/>
							</conditions>
						</line>
						<line number="137" hits="32" branch="false"/>
						<line number="139" hits="4" branch="false"/>
						<line number="143" hits="18" branch="false"/>
						<line number="145" hits="18" branch="false"/>
					</lines>
				</class>
				<class name="models.Question" filename="models/Question.java" line-rate="1.0" branch-rate="0.5" complexity="1.4545454545454546">
					<methods>
					</methods>
					<lines>
						<line number="72" hits="10" branch="false"/>
						<line number="73" hits="10" branch="false"/>
						<line number="74" hits="10" branch="false"/>
						<line number="76" hits="10" branch="false"/>
						<line number="87" hits="8" branch="false"/>
						<line number="88" hits="8" branch="false"/>
						<line number="90" hits="8" branch="true" condition-coverage="50 % (1/2)">
							<conditions>
								<condition number="0" type="jump" coverage="50 %"/>
							</conditions>
						</line>
						<line number="91" hits="8" branch="false"/>
						<line number="92" hits="8" branch="false"/>
						<line number="93" hits="8" branch="false"/>
						<line number="105" hits="8" branch="false"/>
						<line number="106" hits="8" branch="false"/>
						<line number="107" hits="8" branch="false"/>
					</lines>
				</class>
				<class name="models.Reputation" filename="models/Reputation.java" line-rate="1.0" branch-rate="1.0" complexity="1.25">
					<methods>
					</methods>
					<lines>
						<line number="28" hits="238" branch="false"/>
						<line number="29" hits="238" branch="false"/>
						<line number="30" hits="238" branch="false"/>
						<line number="31" hits="238" branch="false"/>
						<line number="32" hits="238" branch="false"/>
						<line number="33" hits="238" branch="false"/>
						<line number="34" hits="238" branch="false"/>
						<line number="35" hits="238" branch="false"/>
						<line number="40" hits="28" branch="false"/>
						<line number="42" hits="28" branch="true" condition-coverage="100 % (2/2)">
							<conditions>
								<condition number="0" type="jump" coverage="100 %"/>
							</conditions>
						</line>
						<line number="43" hits="4" branch="false"/>
						<line number="46" hits="28" branch="true" condition-coverage="100 % (2/2)">
							<conditions>
								<condition number="0" type="jump" coverage="100 %"/>
							</conditions>
						</line>
						<line number="47" hits="16" branch="false"/>
						<line number="48" hits="16" branch="false"/>
						<line number="51" hits="28" branch="false"/>
						<line number="52" hits="28" branch="false"/>
						<line number="54" hits="28" branch="false"/>
						<line number="57" hits="8" branch="false"/>
						<line number="58" hits="8" branch="false"/>
						<line number="60" hits="8" branch="false"/>
						<line number="63" hits="2" branch="false"/>
						<line number="64" hits="2" branch="false"/>
						<line number="66" hits="2" branch="false"/>
						<line number="69" hits="8" branch="false"/>
						<line number="70" hits="8" branch="false"/>
						<line number="72" hits="8" branch="false"/>
						<line number="75" hits="8" branch="false"/>
						<line number="76" hits="8" branch="false"/>
						<line number="77" hits="8" branch="false"/>
						<line number="80" hits="2" branch="false"/>
						<line number="81" hits="2" branch="false"/>
						<line number="82" hits="2" branch="false"/>
						<line number="85" hits="240" branch="false"/>
					</lines>
				</class>
				<class name="models.ReputationPoint" filename="models/ReputationPoint.java" line-rate="1.0" branch-rate="1.0" complexity="1.0">
					<methods>
					</methods>
					<lines>
						<line number="15" hits="44" branch="false"/>
						<line number="16" hits="44" branch="false"/>
						<line number="17" hits="44" branch="false"/>
						<line number="18" hits="44" branch="false"/>
					</lines>
				</class>
				<class name="models.User" filename="models/User.java" line-rate="0.23076923076923078" branch-rate="0.17857142857142858" complexity="2.225806451612903">
					<methods>
						<method name="&lt;init&gt;" signature="(Ljava/lang/String;Ljava/lang/String;Ljava/lang/String;)V" line-rate="0.0" branch-rate="1.0">
							<lines>
								<line number="30" hits="0" branch="false"/>
								<line number="32" hits="0" branch="false"/>
								<line number="33" hits="0" branch="false"/>
								<line number="35" hits="0" branch="false"/>
								<line number="38" hits="0" branch="false"/>
								<line number="72" hits="0" branch="false"/>
								<line number="74" hits="0" branch="false"/>
								<line number="75" hits="0" branch="false"/>
								<line number="76" hits="0" branch="false"/>
								<line number="77" hits="0" branch="false"/>
								<line number="78" hits="0" branch="false"/>
								<line number="79" hits="0" branch="false"/>
								<line number="80" hits="0" branch="false"/>
								<line number="81" hits="0" branch="false"/>
								<line number="82" hits="0" branch="false"/>
								<line number="83" hits="0" branch="false"/>
								<line number="84" hits="0" branch="false"/>
							</lines>
						</method>
						<method name="activities" signature="()Ljava/util/List;" line-rate="0.0" branch-rate="1.0">
							<lines>
								<line number="364" hits="0" branch="false"/>
							</lines>
						</method>
						<method name="addAnswer" signature="(Lmodels/Answer;)Lmodels/User;" line-rate="0.0" branch-rate="1.0">
							<lines>
								<line number="335" hits="0" branch="false"/>
								<line number="336" hits="0" branch="false"/>
								<line number="337" hits="0" branch="false"/>
							</lines>
						</method>
						<method name="addComment" signature="(Lmodels/Comment;)Lmodels/User;" line-rate="0.0" branch-rate="1.0">
							<lines>
								<line number="348" hits="0" branch="false"/>
								<line number="349" hits="0" branch="false"/>
								<line number="350" hits="0" branch="false"/>
							</lines>
						</method>
						<method name="addQuestion" signature="(Ljava/lang/String;Ljava/lang/String;)Lmodels/Question;" line-rate="0.0" branch-rate="1.0">
							<lines>
								<line number="341" hits="0" branch="false"/>
								<line number="342" hits="0" branch="false"/>
								<line number="343" hits="0" branch="false"/>
								<line number="344" hits="0" branch="false"/>
							</lines>
						</method>
						<method name="addVote" signature="(Lmodels/Vote;)Lmodels/User;" line-rate="1.0" branch-rate="1.0">
							<lines>
								<line number="328" hits="18" branch="false"/>
								<line number="329" hits="18" branch="false"/>
								<line number="330" hits="18" branch="false"/>
							</lines>
						</method>
						<method name="age" signature="()I" line-rate="0.0" branch-rate="0.0">
							<lines>
								<line number="182" hits="0" branch="false"/>
								<line number="183" hits="0" branch="true" condition-coverage="0 % (0/2)">
									<conditions>
										<condition number="0" type="jump" coverage="0 %"/>
									</conditions>
								</line>
								<line number="184" hits="0" branch="false"/>
								<line number="185" hits="0" branch="false"/>
								<line number="187" hits="0" branch="false"/>
							</lines>
						</method>
						<method name="bestAnswer" signature="(Lmodels/Question;)V" line-rate="1.0" branch-rate="1.0">
							<lines>
								<line number="165" hits="40" branch="true" condition-coverage="100 % (2/2)">
									<conditions>
										<condition number="0" type="jump" coverage="100 %"/>
									</conditions>
								</line>
								<line number="166" hits="20" branch="true" condition-coverage="100 % (2/2)">
									<conditions>
										<condition number="0" type="jump" coverage="100 %"/>
									</conditions>
								</line>
								<line number="167" hits="8" branch="false"/>
								<line number="168" hits="8" branch="false"/>
								<line number="169" hits="8" branch="false"/>
								<line number="170" hits="8" branch="false"/>
								<line number="171" hits="8" branch="false"/>
								<line number="174" hits="10" branch="false"/>
							</lines>
						</method>
						<method name="calculateAge" signature="()I" line-rate="0.0" branch-rate="1.0">
							<lines>
								<line number="230" hits="0" branch="false"/>
							</lines>
						</method>
						<method name="countAnswers" signature="()I" line-rate="0.0" branch-rate="1.0">
							<lines>
								<line number="359" hits="0" branch="false"/>
							</lines>
						</method>
						<method name="countQuestions" signature="()I" line-rate="0.0" branch-rate="1.0">
							<lines>
								<line number="355" hits="0" branch="false"/>
							</lines>
						</method>
						<method name="createUser" signature="(Ljava/lang/String;Ljava/lang/String;Ljava/lang/String;Ljava/lang/String;)Ljava/lang/String;" line-rate="0.0" branch-rate="0.0">
							<lines>
								<line number="249" hits="0" branch="false"/>
								<line number="250" hits="0" branch="false"/>
								<line number="252" hits="0" branch="true" condition-coverage="0 % (0/6)">
									<conditions>
										<condition number="0" type="jump" coverage="0 %"/>
										<condition number="1" type="jump" coverage="0 %"/>
										<condition number="2" type="jump" coverage="0 %"/>
									</conditions>
								</line>
								<line number="253" hits="0" branch="false"/>
								<line number="256" hits="0" branch="true" condition-coverage="0 % (0/2)">
									<conditions>
										<condition number="0" type="jump" coverage="0 %"/>
									</conditions>
								</line>
								<line number="257" hits="0" branch="false"/>
								<line number="260" hits="0" branch="true" condition-coverage="0 % (0/2)">
									<conditions>
										<condition number="0" type="jump" coverage="0 %"/>
									</conditions>
								</line>
								<line number="261" hits="0" branch="false"/>
								<line number="264" hits="0" branch="true" condition-coverage="0 % (0/4)">
									<conditions>
										<condition number="0" type="jump" coverage="0 %"/>
										<condition number="1" type="jump" coverage="0 %"/>
									</conditions>
								</line>
								<line number="266" hits="0" branch="false"/>
								<line number="270" hits="0" branch="false"/>
								<line number="272" hits="0" branch="false"/>
								<line number="273" hits="0" branch="false"/>
								<line number="274" hits="0" branch="false"/>
								<line number="277" hits="0" branch="false"/>
							</lines>
						</method>
						<method name="dateToString" signature="(Ljava/util/Date;)Ljava/lang/String;" line-rate="0.0" branch-rate="0.0">
							<lines>
								<line number="195" hits="0" branch="true" condition-coverage="0 % (0/2)">
									<conditions>
										<condition number="0" type="jump" coverage="0 %"/>
									</conditions>
								</line>
								<line number="196" hits="0" branch="false"/>
								<line number="197" hits="0" branch="false"/>
								<line number="199" hits="0" branch="false"/>
							</lines>
						</method>
						<method name="deleteCounter" signature="()V" line-rate="0.0" branch-rate="1.0">
							<lines>
								<line number="413" hits="0" branch="false"/>
								<line number="414" hits="0" branch="false"/>
								<line number="416" hits="0" branch="false"/>
							</lines>
						</method>
						<method name="deleteFollowQ" signature="(Lmodels/Question;)V" line-rate="0.0" branch-rate="1.0">
							<lines>
								<line number="300" hits="0" branch="false"/>
								<line number="301" hits="0" branch="false"/>
								<line number="302" hits="0" branch="false"/>
								<line number="303" hits="0" branch="false"/>
							</lines>
						</method>
						<method name="deleteFollowU" signature="(Lmodels/User;)V" line-rate="0.0" branch-rate="1.0">
							<lines>
								<line number="306" hits="0" branch="false"/>
								<line number="307" hits="0" branch="false"/>
								<line number="308" hits="0" branch="false"/>
								<line number="309" hits="0" branch="false"/>
							</lines>
						</method>
						<method name="followAcitvities" signature="()Ljava/util/List;" line-rate="0.0" branch-rate="0.0">
							<lines>
								<line number="368" hits="0" branch="false"/>
								<line number="370" hits="0" branch="true" condition-coverage="0 % (0/2)">
									<conditions>
										<condition number="0" type="jump" coverage="0 %"/>
									</conditions>
								</line>
								<line number="371" hits="0" branch="false"/>
								<line number="372" hits="0" branch="false"/>
								<line number="373" hits="0" branch="true" condition-coverage="0 % (0/2)">
									<conditions>
										<condition number="0" type="jump" coverage="0 %"/>
									</conditions>
								</line>
								<line number="374" hits="0" branch="false"/>
								<line number="378" hits="0" branch="false"/>
							</lines>
						</method>
						<method name="getBirthday" signature="()Ljava/lang/String;" line-rate="0.0" branch-rate="1.0">
							<lines>
								<line number="217" hits="0" branch="false"/>
							</lines>
						</method>
						<method name="getReputationPoint" signature="(I)Lmodels/ReputationPoint;" line-rate="0.0" branch-rate="0.0">
							<lines>
								<line number="396" hits="0" branch="true" condition-coverage="0 % (0/2)">
									<conditions>
										<condition number="0" type="jump" coverage="0 %"/>
									</conditions>
								</line>
								<line number="397" hits="0" branch="false"/>
								<line number="400" hits="0" branch="true" condition-coverage="0 % (0/2)">
									<conditions>
										<condition number="0" type="jump" coverage="0 %"/>
									</conditions>
								</line>
								<line number="402" hits="0" branch="false"/>
								<line number="406" hits="0" branch="false"/>
							</lines>
						</method>
						<method name="getReputationPoints" signature="()Ljava/util/List;" line-rate="1.0" branch-rate="1.0">
							<lines>
								<line number="388" hits="4" branch="false"/>
							</lines>
						</method>
						<method name="graphData" signature="()Ljava/lang/String;" line-rate="1.0" branch-rate="1.0">
							<lines>
								<line number="419" hits="2" branch="false"/>
								<line number="421" hits="2" branch="false"/>
								<line number="423" hits="2" branch="false"/>
								<line number="424" hits="2" branch="false"/>
								<line number="426" hits="10" branch="true" condition-coverage="100 % (2/2)">
									<conditions>
										<condition number="0" type="jump" coverage="100 %"/>
									</conditions>
								</line>
								<line number="427" hits="16" branch="false"/>
								<line number="428" hits="8" branch="false"/>
								<line number="429" hits="8" branch="false"/>
								<line number="430" hits="8" branch="true" condition-coverage="100 % (2/2)">
									<conditions>
										<condition number="0" type="jump" coverage="100 %"/>
									</conditions>
								</line>
								<line number="431" hits="7" branch="false"/>
								<line number="432" hits="7" branch="false"/>
								<line number="436" hits="2" branch="false"/>
								<line number="438" hits="2" branch="false"/>
								<line number="439" hits="2" branch="false"/>
								<line number="440" hits="2" branch="false"/>
								<line number="443" hits="2" branch="false"/>
								<line number="444" hits="2" branch="false"/>
								<line number="448" hits="2" branch="false"/>
							</lines>
						</method>
						<method name="hasTimeToChange" signature="(Ljava/lang/Long;)Z" line-rate="0.8333333333333334" branch-rate="0.5">
							<lines>
								<line number="140" hits="10" branch="false"/>
								<line number="142" hits="10" branch="false"/>
								<line number="144" hits="10" branch="true" condition-coverage="50 % (2/4)">
									<conditions>
										<condition number="0" type="jump" coverage="50 %"/>
										<condition number="1" type="jump" coverage="50 %"/>
									</conditions>
								</line>
								<line number="145" hits="0" branch="false"/>
								<line number="151" hits="10" branch="false"/>
								<line number="152" hits="10" branch="false"/>
							</lines>
						</method>
						<method name="isAbleToChoose" signature="(Ljava/lang/Long;)Z" line-rate="0.0" branch-rate="0.0">
							<lines>
								<line number="103" hits="0" branch="false"/>
								<line number="105" hits="0" branch="true" condition-coverage="0 % (0/2)">
									<conditions>
										<condition number="0" type="jump" coverage="0 %"/>
									</conditions>
								</line>
								<line number="106" hits="0" branch="false"/>
								<line number="109" hits="0" branch="false"/>
							</lines>
						</method>
						<method name="isAbleToVote" signature="(Ljava/lang/Long;)Z" line-rate="0.0" branch-rate="0.0">
							<lines>
								<line number="120" hits="0" branch="false"/>
								<line number="122" hits="0" branch="true" condition-coverage="0 % (0/2)">
									<conditions>
										<condition number="0" type="jump" coverage="0 %"/>
									</conditions>
								</line>
								<line number="123" hits="0" branch="true" condition-coverage="0 % (0/2)">
									<conditions>
										<condition number="0" type="jump" coverage="0 %"/>
									</conditions>
								</line>
								<line number="124" hits="0" branch="false"/>
								<line number="127" hits="0" branch="false"/>
							</lines>
						</method>
						<method name="isFollowing" signature="(Ljava/lang/Object;)Z" line-rate="0.0" branch-rate="0.0">
							<lines>
								<line number="312" hits="0" branch="false"/>
								<line number="313" hits="0" branch="true" condition-coverage="0 % (0/2)">
									<conditions>
										<condition number="0" type="jump" coverage="0 %"/>
									</conditions>
								</line>
								<line number="314" hits="0" branch="true" condition-coverage="0 % (0/2)">
									<conditions>
										<condition number="0" type="jump" coverage="0 %"/>
									</conditions>
								</line>
								<line number="315" hits="0" branch="false"/>
								<line number="319" hits="0" branch="true" condition-coverage="0 % (0/2)">
									<conditions>
										<condition number="0" type="jump" coverage="0 %"/>
									</conditions>
								</line>
								<line number="320" hits="0" branch="true" condition-coverage="0 % (0/2)">
									<conditions>
										<condition number="0" type="jump" coverage="0 %"/>
									</conditions>
								</line>
								<line number="321" hits="0" branch="false"/>
								<line number="324" hits="0" branch="false"/>
							</lines>
						</method>
						<method name="login" signature="(Ljava/lang/String;Ljava/lang/String;)Lmodels/User;" line-rate="0.0" branch-rate="1.0">
							<lines>
								<line number="87" hits="0" branch="false"/>
							</lines>
						</method>
						<method name="quoteContent" signature="(Ljava/lang/String;Ljava/lang/String;)V" line-rate="0.0" branch-rate="1.0">
							<lines>
								<line number="453" hits="0" branch="false"/>
								<line number="454" hits="0" branch="false"/>
								<line number="455" hits="0" branch="false"/>
							</lines>
						</method>
						<method name="removeNull" signature="()V" line-rate="0.0" branch-rate="0.0">
							<lines>
								<line number="282" hits="0" branch="false"/>
								<line number="283" hits="0" branch="true" condition-coverage="0 % (0/2)">
									<conditions>
										<condition number="0" type="jump" coverage="0 %"/>
									</conditions>
								</line>
								<line number="285" hits="0" branch="false"/>
								<line number="286" hits="0" branch="false"/>
								<line number="287" hits="0" branch="false"/>
								<line number="288" hits="0" branch="false"/>
								<line number="291" hits="0" branch="false"/>
								<line number="292" hits="0" branch="false"/>
								<line number="296" hits="0" branch="false"/>
								<line number="297" hits="0" branch="false"/>
							</lines>
						</method>
						<method name="setBirthday" signature="(Ljava/lang/String;)V" line-rate="0.0" branch-rate="1.0">
							<lines>
								<line number="222" hits="0" branch="false"/>
								<line number="223" hits="0" branch="false"/>
								<line number="224" hits="0" branch="false"/>
								<line number="225" hits="0" branch="false"/>
								<line number="227" hits="0" branch="false"/>
							</lines>
						</method>
						<method name="stringToDate" signature="(Ljava/lang/String;)Ljava/util/Date;" line-rate="0.0" branch-rate="0.0">
							<lines>
								<line number="209" hits="0" branch="true" condition-coverage="0 % (0/2)">
									<conditions>
										<condition number="0" type="jump" coverage="0 %"/>
									</conditions>
								</line>
								<line number="210" hits="0" branch="false"/>
								<line number="211" hits="0" branch="false"/>
								<line number="213" hits="0" branch="false"/>
							</lines>
						</method>
						<method name="toString" signature="()Ljava/lang/String;" line-rate="1.0" branch-rate="1.0">
							<lines>
								<line number="91" hits="260" branch="false"/>
							</lines>
						</method>
					</methods>
					<lines>
						<line number="30" hits="0" branch="false"/>
						<line number="32" hits="0" branch="false"/>
						<line number="33" hits="0" branch="false"/>
						<line number="35" hits="0" branch="false"/>
						<line number="38" hits="0" branch="false"/>
						<line number="72" hits="0" branch="false"/>
						<line number="74" hits="0" branch="false"/>
						<line number="75" hits="0" branch="false"/>
						<line number="76" hits="0" branch="false"/>
						<line number="77" hits="0" branch="false"/>
						<line number="78" hits="0" branch="false"/>
						<line number="79" hits="0" branch="false"/>
						<line number="80" hits="0" branch="false"/>
						<line number="81" hits="0" branch="false"/>
						<line number="82" hits="0" branch="false"/>
						<line number="83" hits="0" branch="false"/>
						<line number="84" hits="0" branch="false"/>
						<line number="87" hits="0" branch="false"/>
						<line number="91" hits="260" branch="false"/>
						<line number="103" hits="0" branch="false"/>
						<line number="105" hits="0" branch="true" condition-coverage="0 % (0/2)">
							<conditions>
								<condition number="0" type="jump" coverage="0 %"/>
							</conditions>
						</line>
						<line number="106" hits="0" branch="false"/>
						<line number="109" hits="0" branch="false"/>
						<line number="120" hits="0" branch="false"/>
						<line number="122" hits="0" branch="true" condition-coverage="0 % (0/2)">
							<conditions>
								<condition number="0" type="jump" coverage="0 %"/>
							</conditions>
						</line>
						<line number="123" hits="0" branch="true" condition-coverage="0 % (0/2)">
							<conditions>
								<condition number="0" type="jump" coverage="0 %"/>
							</conditions>
						</line>
						<line number="124" hits="0" branch="false"/>
						<line number="127" hits="0" branch="false"/>
						<line number="140" hits="10" branch="false"/>
						<line number="142" hits="10" branch="false"/>
						<line number="144" hits="10" branch="true" condition-coverage="50 % (2/4)">
							<conditions>
								<condition number="0" type="jump" coverage="50 %"/>
								<condition number="1" type="jump" coverage="50 %"/>
							</conditions>
						</line>
						<line number="145" hits="0" branch="false"/>
						<line number="151" hits="10" branch="false"/>
						<line number="152" hits="10" branch="false"/>
						<line number="165" hits="40" branch="true" condition-coverage="100 % (2/2)">
							<conditions>
								<condition number="0" type="jump" coverage="100 %"/>
							</conditions>
						</line>
						<line number="166" hits="20" branch="true" condition-coverage="100 % (2/2)">
							<conditions>
								<condition number="0" type="jump" coverage="100 %"/>
							</conditions>
						</line>
						<line number="167" hits="8" branch="false"/>
						<line number="168" hits="8" branch="false"/>
						<line number="169" hits="8" branch="false"/>
						<line number="170" hits="8" branch="false"/>
						<line number="171" hits="8" branch="false"/>
						<line number="174" hits="10" branch="false"/>
						<line number="182" hits="0" branch="false"/>
						<line number="183" hits="0" branch="true" condition-coverage="0 % (0/2)">
							<conditions>
								<condition number="0" type="jump" coverage="0 %"/>
							</conditions>
						</line>
						<line number="184" hits="0" branch="false"/>
						<line number="185" hits="0" branch="false"/>
						<line number="187" hits="0" branch="false"/>
						<line number="195" hits="0" branch="true" condition-coverage="0 % (0/2)">
							<conditions>
								<condition number="0" type="jump" coverage="0 %"/>
							</conditions>
						</line>
						<line number="196" hits="0" branch="false"/>
						<line number="197" hits="0" branch="false"/>
						<line number="199" hits="0" branch="false"/>
						<line number="209" hits="0" branch="true" condition-coverage="0 % (0/2)">
							<conditions>
								<condition number="0" type="jump" coverage="0 %"/>
							</conditions>
						</line>
						<line number="210" hits="0" branch="false"/>
						<line number="211" hits="0" branch="false"/>
						<line number="213" hits="0" branch="false"/>
						<line number="217" hits="0" branch="false"/>
						<line number="222" hits="0" branch="false"/>
						<line number="223" hits="0" branch="false"/>
						<line number="224" hits="0" branch="false"/>
						<line number="225" hits="0" branch="false"/>
						<line number="227" hits="0" branch="false"/>
						<line number="230" hits="0" branch="false"/>
						<line number="249" hits="0" branch="false"/>
						<line number="250" hits="0" branch="false"/>
						<line number="252" hits="0" branch="true" condition-coverage="0 % (0/6)">
							<conditions>
								<condition number="0" type="jump" coverage="0 %"/>
								<condition number="1" type="jump" coverage="0 %"/>
								<condition number="2" type="jump" coverage="0 %"/>
							</conditions>
						</line>
						<line number="253" hits="0" branch="false"/>
						<line number="256" hits="0" branch="true" condition-coverage="0 % (0/2)">
							<conditions>
								<condition number="0" type="jump" coverage="0 %"/>
							</conditions>
						</line>
						<line number="257" hits="0" branch="false"/>
						<line number="260" hits="0" branch="true" condition-coverage="0 % (0/2)">
							<conditions>
								<condition number="0" type="jump" coverage="0 %"/>
							</conditions>
						</line>
						<line number="261" hits="0" branch="false"/>
						<line number="264" hits="0" branch="true" condition-coverage="0 % (0/4)">
							<conditions>
								<condition number="0" type="jump" coverage="0 %"/>
								<condition number="1" type="jump" coverage="0 %"/>
							</conditions>
						</line>
						<line number="266" hits="0" branch="false"/>
						<line number="270" hits="0" branch="false"/>
						<line number="272" hits="0" branch="false"/>
						<line number="273" hits="0" branch="false"/>
						<line number="274" hits="0" branch="false"/>
						<line number="277" hits="0" branch="false"/>
						<line number="282" hits="0" branch="false"/>
						<line number="283" hits="0" branch="true" condition-coverage="0 % (0/2)">
							<conditions>
								<condition number="0" type="jump" coverage="0 %"/>
							</conditions>
						</line>
						<line number="285" hits="0" branch="false"/>
						<line number="286" hits="0" branch="false"/>
						<line number="287" hits="0" branch="false"/>
						<line number="288" hits="0" branch="false"/>
						<line number="291" hits="0" branch="false"/>
						<line number="292" hits="0" branch="false"/>
						<line number="296" hits="0" branch="false"/>
						<line number="297" hits="0" branch="false"/>
						<line number="300" hits="0" branch="false"/>
						<line number="301" hits="0" branch="false"/>
						<line number="302" hits="0" branch="false"/>
						<line number="303" hits="0" branch="false"/>
						<line number="306" hits="0" branch="false"/>
						<line number="307" hits="0" branch="false"/>
						<line number="308" hits="0" branch="false"/>
						<line number="309" hits="0" branch="false"/>
						<line number="312" hits="0" branch="false"/>
						<line number="313" hits="0" branch="true" condition-coverage="0 % (0/2)">
							<conditions>
								<condition number="0" type="jump" coverage="0 %"/>
							</conditions>
						</line>
						<line number="314" hits="0" branch="true" condition-coverage="0 % (0/2)">
							<conditions>
								<condition number="0" type="jump" coverage="0 %"/>
							</conditions>
						</line>
						<line number="315" hits="0" branch="false"/>
						<line number="319" hits="0" branch="true" condition-coverage="0 % (0/2)">
							<conditions>
								<condition number="0" type="jump" coverage="0 %"/>
							</conditions>
						</line>
						<line number="320" hits="0" branch="true" condition-coverage="0 % (0/2)">
							<conditions>
								<condition number="0" type="jump" coverage="0 %"/>
							</conditions>
						</line>
						<line number="321" hits="0" branch="false"/>
						<line number="324" hits="0" branch="false"/>
						<line number="328" hits="18" branch="false"/>
						<line number="329" hits="18" branch="false"/>
						<line number="330" hits="18" branch="false"/>
						<line number="335" hits="0" branch="false"/>
						<line number="336" hits="0" branch="false"/>
						<line number="337" hits="0" branch="false"/>
						<line number="341" hits="0" branch="false"/>
						<line number="342" hits="0" branch="false"/>
						<line number="343" hits="0" branch="false"/>
						<line number="344" hits="0" branch="false"/>
						<line number="348" hits="0" branch="false"/>
						<line number="349" hits="0" branch="false"/>
						<line number="350" hits="0" branch="false"/>
						<line number="355" hits="0" branch="false"/>
						<line number="359" hits="0" branch="false"/>
						<line number="364" hits="0" branch="false"/>
						<line number="368" hits="0" branch="false"/>
						<line number="370" hits="0" branch="true" condition-coverage="0 % (0/2)">
							<conditions>
								<condition number="0" type="jump" coverage="0 %"/>
							</conditions>
						</line>
						<line number="371" hits="0" branch="false"/>
						<line number="372" hits="0" branch="false"/>
						<line number="373" hits="0" branch="true" condition-coverage="0 % (0/2)">
							<conditions>
								<condition number="0" type="jump" coverage="0 %"/>
							</conditions>
						</line>
						<line number="374" hits="0" branch="false"/>
						<line number="378" hits="0" branch="false"/>
						<line number="388" hits="4" branch="false"/>
						<line number="396" hits="0" branch="true" condition-coverage="0 % (0/2)">
							<conditions>
								<condition number="0" type="jump" coverage="0 %"/>
							</conditions>
						</line>
						<line number="397" hits="0" branch="false"/>
						<line number="400" hits="0" branch="true" condition-coverage="0 % (0/2)">
							<conditions>
								<condition number="0" type="jump" coverage="0 %"/>
							</conditions>
						</line>
						<line number="402" hits="0" branch="false"/>
						<line number="406" hits="0" branch="false"/>
						<line number="413" hits="0" branch="false"/>
						<line number="414" hits="0" branch="false"/>
						<line number="416" hits="0" branch="false"/>
						<line number="419" hits="2" branch="false"/>
						<line number="421" hits="2" branch="false"/>
						<line number="423" hits="2" branch="false"/>
						<line number="424" hits="2" branch="false"/>
						<line number="426" hits="10" branch="true" condition-coverage="100 % (2/2)">
							<conditions>
								<condition number="0" type="jump" coverage="100 %"/>
							</conditions>
						</line>
						<line number="427" hits="16" branch="false"/>
						<line number="428" hits="8" branch="false"/>
						<line number="429" hits="8" branch="false"/>
						<line number="430" hits="8" branch="true" condition-coverage="100 % (2/2)">
							<conditions>
								<condition number="0" type="jump" coverage="100 %"/>
							</conditions>
						</line>
						<line number="431" hits="7" branch="false"/>
						<line number="432" hits="7" branch="false"/>
						<line number="436" hits="2" branch="false"/>
						<line number="438" hits="2" branch="false"/>
						<line number="439" hits="2" branch="false"/>
						<line number="440" hits="2" branch="false"/>
						<line number="443" hits="2" branch="false"/>
						<line number="444" hits="2" branch="false"/>
						<line number="448" hits="2" branch="false"/>
						<line number="453" hits="0" branch="false"/>
						<line number="454" hits="0" branch="false"/>
						<line number="455" hits="0" branch="false"/>
					</lines>
				</class>
				<class name="models.Vote" filename="models/Vote.java" line-rate="1.0" branch-rate="1.0" complexity="1.0">
					<methods>
					</methods>
					<lines>
						<line number="18" hits="18" branch="false"/>
						<line number="19" hits="18" branch="false"/>
						<line number="20" hits="18" branch="false"/>
						<line number="21" hits="18" branch="false"/>
						<line number="22" hits="18" branch="false"/>
						<line number="23" hits="18" branch="false"/>
					</lines>
				</class>
			</classes>
		</package>
	</packages>
</coverage>
